[Undergraduate, Discover NAU, Degree Programs, Tuition and Fees, Scholarships, International, Graduate, Apply Now, Graduate Degrees, Distance Education, International, Gulf Language School, GLS Admissions, GLS Programs, GLS Students, GLS Faculty]
[[ChromeDriver: chrome on XP (843344ace5cb8f08cf8fd9de78cfe744)] -> xpath: //li[@id='menu-item-7907']//a]
[[ChromeDriver: chrome on XP (843344ace5cb8f08cf8fd9de78cfe744)] -> xpath: //li[@id='menu-item-7907']//a]
[[ChromeDriver: chrome on XP (843344ace5cb8f08cf8fd9de78cfe744)] -> xpath: //li[@id='menu-item-7907']//a]
[[ChromeDriver: chrome on XP (843344ace5cb8f08cf8fd9de78cfe744)] -> xpath: //li[@id='menu-item-7907']//a]
[[ChromeDriver: chrome on XP (843344ace5cb8f08cf8fd9de78cfe744)] -> xpath: //li[@id='menu-item-7907']//a]
[[ChromeDriver: chrome on XP (843344ace5cb8f08cf8fd9de78cfe744)] -> xpath: //li[@id='menu-item-7907']//a]
[[ChromeDriver: chrome on XP (843344ace5cb8f08cf8fd9de78cfe744)] -> xpath: //li[@id='menu-item-7906']//a]
[[ChromeDriver: chrome on XP (843344ace5cb8f08cf8fd9de78cfe744)] -> xpath: //li[@id='menu-item-7906']//a]
[[ChromeDriver: chrome on XP (843344ace5cb8f08cf8fd9de78cfe744)] -> xpath: //li[@id='menu-item-7906']//a]
[[ChromeDriver: chrome on XP (843344ace5cb8f08cf8fd9de78cfe744)] -> xpath: //li[@id='menu-item-7906']//a]
[[ChromeDriver: chrome on XP (843344ace5cb8f08cf8fd9de78cfe744)] -> xpath: //li[@id='menu-item-7906']//a]
[[ChromeDriver: chrome on XP (843344ace5cb8f08cf8fd9de78cfe744)] -> xpath: //li[@id='menu-item-7906']//a]
[[ChromeDriver: chrome on XP (843344ace5cb8f08cf8fd9de78cfe744)] -> xpath: //li[@id='menu-item-25656']//a]
[[ChromeDriver: chrome on XP (843344ace5cb8f08cf8fd9de78cfe744)] -> xpath: //li[@id='menu-item-25656']//a]
[[ChromeDriver: chrome on XP (843344ace5cb8f08cf8fd9de78cfe744)] -> xpath: //li[@id='menu-item-25656']//a]
[[ChromeDriver: chrome on XP (843344ace5cb8f08cf8fd9de78cfe744)] -> xpath: //li[@id='menu-item-25656']//a]
[[ChromeDriver: chrome on XP (843344ace5cb8f08cf8fd9de78cfe744)] -> xpath: //li[@id='menu-item-25656']//a]
[[ChromeDriver: chrome on XP (843344ace5cb8f08cf8fd9de78cfe744)] -> xpath: //li[@id='menu-item-25656']//a]
[Academics, Undergraduate Programs, Graduate Programs, GLS Programs, Distance Education, Educator Certification, Certificate Programs, Academic Resources, Academic Clubs, NAU Library, Faculty Members, Brochures, Academic Catalog, Academic Calendar, Student Achievement, Course Schedule, Finals Schedule]
Academics
Undergraduate Programs
Graduate Programs
GLS Programs
Distance Education
Educator Certification
Certificate Programs
Academic Resources
Academic Clubs
NAU Library
Faculty Members
Brochures
Academic Catalog
Academic Calendar
Student Achievement
Course Schedule
Finals Schedule
[Office 365, Fees and Deposits, Password Reset, IT Services, Employee Center, Human Resources, Employee Forms, Faculty Members, Employee Handbook, News and Events, Headlines, Announcements, Calendar of Events, Student Workers]
Office 365
Fees and Deposits
Password Reset
IT Services
Employee Center
Human Resources
Employee Forms
Faculty Members
Employee Handbook
News and Events
Headlines
Announcements
Calendar of Events
Student Workers
[Office 365, Fees and Deposits, Password Reset, IT Services, Employee Center, Human Resources, Employee Forms, Faculty Members, Employee Handbook, News and Events, Headlines, Announcements, Calendar of Events, Student Workers]
[Undergraduate, Discover NAU, Degree Programs, Tuition and Fees, Scholarships, International, Graduate, Apply Now, Graduate Degrees, Distance Education, International, Gulf Language School, GLS Admissions, GLS Programs, GLS Students, GLS Faculty]
[[ChromeDriver: chrome on XP (3d5eeb78716f04ed3dd9278b34072989)] -> xpath: //li[@id='menu-item-7907']//a]
[[ChromeDriver: chrome on XP (3d5eeb78716f04ed3dd9278b34072989)] -> xpath: //li[@id='menu-item-7907']//a]
[[ChromeDriver: chrome on XP (3d5eeb78716f04ed3dd9278b34072989)] -> xpath: //li[@id='menu-item-7907']//a]
[[ChromeDriver: chrome on XP (3d5eeb78716f04ed3dd9278b34072989)] -> xpath: //li[@id='menu-item-7907']//a]
[[ChromeDriver: chrome on XP (3d5eeb78716f04ed3dd9278b34072989)] -> xpath: //li[@id='menu-item-7907']//a]
[[ChromeDriver: chrome on XP (3d5eeb78716f04ed3dd9278b34072989)] -> xpath: //li[@id='menu-item-7907']//a]
[[ChromeDriver: chrome on XP (3d5eeb78716f04ed3dd9278b34072989)] -> xpath: //li[@id='menu-item-7906']//a]
[[ChromeDriver: chrome on XP (3d5eeb78716f04ed3dd9278b34072989)] -> xpath: //li[@id='menu-item-7906']//a]
[[ChromeDriver: chrome on XP (3d5eeb78716f04ed3dd9278b34072989)] -> xpath: //li[@id='menu-item-7906']//a]
[[ChromeDriver: chrome on XP (3d5eeb78716f04ed3dd9278b34072989)] -> xpath: //li[@id='menu-item-7906']//a]
[[ChromeDriver: chrome on XP (3d5eeb78716f04ed3dd9278b34072989)] -> xpath: //li[@id='menu-item-7906']//a]
[[ChromeDriver: chrome on XP (3d5eeb78716f04ed3dd9278b34072989)] -> xpath: //li[@id='menu-item-7906']//a]
[[ChromeDriver: chrome on XP (3d5eeb78716f04ed3dd9278b34072989)] -> xpath: //li[@id='menu-item-25656']//a]
[[ChromeDriver: chrome on XP (3d5eeb78716f04ed3dd9278b34072989)] -> xpath: //li[@id='menu-item-25656']//a]
[[ChromeDriver: chrome on XP (3d5eeb78716f04ed3dd9278b34072989)] -> xpath: //li[@id='menu-item-25656']//a]
[[ChromeDriver: chrome on XP (3d5eeb78716f04ed3dd9278b34072989)] -> xpath: //li[@id='menu-item-25656']//a]
[[ChromeDriver: chrome on XP (3d5eeb78716f04ed3dd9278b34072989)] -> xpath: //li[@id='menu-item-25656']//a]
[[ChromeDriver: chrome on XP (3d5eeb78716f04ed3dd9278b34072989)] -> xpath: //li[@id='menu-item-25656']//a]
[Academics, Undergraduate Programs, Graduate Programs, GLS Programs, Distance Education, Educator Certification, Certificate Programs, Academic Resources, Academic Clubs, NAU Library, Faculty Members, Brochures, Academic Catalog, Academic Calendar, Student Achievement, Course Schedule, Finals Schedule]
Academics
Undergraduate Programs
Graduate Programs
GLS Programs
Distance Education
Educator Certification
Certificate Programs
Academic Resources
Academic Clubs
NAU Library
Faculty Members
Brochures
Academic Catalog
Academic Calendar
Student Achievement
Course Schedule
Finals Schedule
[Office 365, Fees and Deposits, Password Reset, IT Services, Employee Center, Human Resources, Employee Forms, Faculty Members, Employee Handbook, News and Events, Headlines, Announcements, Calendar of Events, Student Workers]
Office 365
Fees and Deposits
Password Reset
IT Services
Employee Center
Human Resources
Employee Forms
Faculty Members
Employee Handbook
News and Events
Headlines
Announcements
Calendar of Events
Student Workers
[Office 365, Fees and Deposits, Password Reset, IT Services, Employee Center, Human Resources, Employee Forms, Faculty Members, Employee Handbook, News and Events, Headlines, Announcements, Calendar of Events, Student Workers]
